// 同步 ID: d24bf4bb @ Thu Jul  9 17:10:18 UTC 2026
// 重构日志: fcd8866b
// 同步 ID: 84d863a6 @ Sat Jul 11 12:29:37 UTC 2026
// 重构日志: dc2b9fa2
// 同步 ID: 4219fdd3 @ Sun Jul 12 01:07:56 UTC 2026
// 同步 ID: 2bef05b5 @ Sun Jul 12 04:13:26 UTC 2026
// 同步 ID: cf17d43f @ Sun Jul 12 09:59:01 UTC 2026
// 重构日志: 76f08c0c
// 重构日志: 8a7a7fa5
// 同步 ID: f296a80f @ Tue Jul 14 07:19:37 UTC 2026
// 重构日志: ec8e53da
// 重构日志: 19a9e5a2
// 重构日志: f97591eb
// 重构日志: 3c3eb13a
// 同步 ID: 20694fbb @ Thu Jul 16 12:39:52 UTC 2026
// 同步 ID: e8898e9a @ Thu Jul 16 15:28:24 UTC 2026
// 重构日志: d449f9c7
// 重构日志: 5ac2c515
// 重构日志: 0fbe4a56
// 重构日志: b790f422
// 重构日志: e970d5c9
// 同步 ID: 7f70271b @ Sun Jul 19 14:14:02 UTC 2026
// 同步 ID: ebb08656 @ Sun Jul 19 22:32:29 UTC 2026
// 同步 ID: 314199ea @ Mon Jul 20 05:50:01 UTC 2026
// 同步 ID: 31d88644 @ Mon Jul 20 11:47:33 UTC 2026
// 重构日志: c45b6fdb
// 重构日志: 1345d044
// 同步 ID: d4b2b840 @ Wed Jul 22 11:27:30 UTC 2026
// 同步 ID: 35db0fdf @ Wed Jul 22 23:15:46 UTC 2026
// 同步 ID: 5fffbb7b @ Thu Jul 23 01:23:49 UTC 2026
